{"/Users/lucashenrique/Desktop/vite-project/src/components/List/List.tsx": {"path":"/Users/lucashenrique/Desktop/vite-project/src/components/List/List.tsx","all":false,"statementMap":{"0":{"start":{"line":1,"column":0},"end":{"line":1,"column":31}},"1":{"start":{"line":2,"column":0},"end":{"line":2,"column":0}},"2":{"start":{"line":3,"column":0},"end":{"line":3,"column":18}},"3":{"start":{"line":4,"column":0},"end":{"line":4,"column":25}},"4":{"start":{"line":5,"column":0},"end":{"line":5,"column":2}},"5":{"start":{"line":6,"column":0},"end":{"line":6,"column":0}},"6":{"start":{"line":7,"column":0},"end":{"line":7,"column":45}},"7":{"start":{"line":8,"column":0},"end":{"line":8,"column":45}},"8":{"start":{"line":9,"column":0},"end":{"line":9,"column":49}},"9":{"start":{"line":10,"column":0},"end":{"line":10,"column":27}},"10":{"start":{"line":11,"column":0},"end":{"line":11,"column":22}},"11":{"start":{"line":12,"column":0},"end":{"line":12,"column":46}},"12":{"start":{"line":13,"column":0},"end":{"line":13,"column":12}},"13":{"start":{"line":14,"column":0},"end":{"line":14,"column":4}},"14":{"start":{"line":15,"column":0},"end":{"line":15,"column":0}},"15":{"start":{"line":16,"column":0},"end":{"line":16,"column":54}},"16":{"start":{"line":17,"column":0},"end":{"line":17,"column":22}},"17":{"start":{"line":18,"column":0},"end":{"line":18,"column":70}},"18":{"start":{"line":19,"column":0},"end":{"line":19,"column":12}},"19":{"start":{"line":20,"column":0},"end":{"line":20,"column":4}},"20":{"start":{"line":21,"column":0},"end":{"line":21,"column":0}},"21":{"start":{"line":22,"column":0},"end":{"line":22,"column":10}},"22":{"start":{"line":23,"column":0},"end":{"line":23,"column":6}},"23":{"start":{"line":24,"column":0},"end":{"line":24,"column":12}},"24":{"start":{"line":25,"column":0},"end":{"line":25,"column":19}},"25":{"start":{"line":26,"column":0},"end":{"line":26,"column":31}},"26":{"start":{"line":27,"column":0},"end":{"line":27,"column":23}},"27":{"start":{"line":28,"column":0},"end":{"line":28,"column":52}},"28":{"start":{"line":29,"column":0},"end":{"line":29,"column":8}},"29":{"start":{"line":30,"column":0},"end":{"line":30,"column":52}},"30":{"start":{"line":31,"column":0},"end":{"line":31,"column":10}},"31":{"start":{"line":32,"column":0},"end":{"line":32,"column":29}},"32":{"start":{"line":33,"column":0},"end":{"line":33,"column":12}},"33":{"start":{"line":34,"column":0},"end":{"line":34,"column":38}},"34":{"start":{"line":35,"column":0},"end":{"line":35,"column":77}},"35":{"start":{"line":36,"column":0},"end":{"line":36,"column":13}},"36":{"start":{"line":37,"column":0},"end":{"line":37,"column":11}},"37":{"start":{"line":38,"column":0},"end":{"line":38,"column":11}},"38":{"start":{"line":39,"column":0},"end":{"line":39,"column":7}},"39":{"start":{"line":40,"column":0},"end":{"line":40,"column":4}},"40":{"start":{"line":41,"column":0},"end":{"line":41,"column":2}},"41":{"start":{"line":42,"column":0},"end":{"line":42,"column":0}},"42":{"start":{"line":43,"column":0},"end":{"line":43,"column":20}}},"s":{"0":1,"1":1,"2":1,"3":1,"4":1,"5":1,"6":1,"7":10,"8":10,"9":10,"10":1,"11":1,"12":1,"13":10,"14":10,"15":10,"16":1,"17":1,"18":1,"19":10,"20":10,"21":10,"22":10,"23":10,"24":10,"25":10,"26":10,"27":10,"28":10,"29":10,"30":10,"31":10,"32":9,"33":9,"34":9,"35":9,"36":10,"37":10,"38":10,"39":10,"40":1,"41":1,"42":1},"branchMap":{"0":{"type":"branch","line":7,"loc":{"start":{"line":7,"column":13},"end":{"line":41,"column":1}},"locations":[{"start":{"line":7,"column":13},"end":{"line":41,"column":1}}]},"1":{"type":"branch","line":10,"loc":{"start":{"line":10,"column":20},"end":{"line":14,"column":3}},"locations":[{"start":{"line":10,"column":20},"end":{"line":14,"column":3}}]},"2":{"type":"branch","line":11,"loc":{"start":{"line":11,"column":15},"end":{"line":13,"column":7}},"locations":[{"start":{"line":11,"column":15},"end":{"line":13,"column":7}}]},"3":{"type":"branch","line":12,"loc":{"start":{"line":12,"column":14},"end":{"line":12,"column":45}},"locations":[{"start":{"line":12,"column":14},"end":{"line":12,"column":45}}]},"4":{"type":"branch","line":16,"loc":{"start":{"line":16,"column":29},"end":{"line":20,"column":3}},"locations":[{"start":{"line":16,"column":29},"end":{"line":20,"column":3}}]},"5":{"type":"branch","line":17,"loc":{"start":{"line":17,"column":15},"end":{"line":19,"column":7}},"locations":[{"start":{"line":17,"column":15},"end":{"line":19,"column":7}}]},"6":{"type":"branch","line":18,"loc":{"start":{"line":18,"column":14},"end":{"line":18,"column":68}},"locations":[{"start":{"line":18,"column":14},"end":{"line":18,"column":68}}]},"7":{"type":"branch","line":18,"loc":{"start":{"line":18,"column":38},"end":{"line":18,"column":67}},"locations":[{"start":{"line":18,"column":38},"end":{"line":18,"column":67}}]},"8":{"type":"branch","line":28,"loc":{"start":{"line":28,"column":18},"end":{"line":28,"column":51}},"locations":[{"start":{"line":28,"column":18},"end":{"line":28,"column":51}}]},"9":{"type":"branch","line":32,"loc":{"start":{"line":32,"column":18},"end":{"line":36,"column":13}},"locations":[{"start":{"line":32,"column":18},"end":{"line":36,"column":13}}]},"10":{"type":"branch","line":35,"loc":{"start":{"line":35,"column":29},"end":{"line":35,"column":59}},"locations":[{"start":{"line":35,"column":29},"end":{"line":35,"column":59}}]}},"b":{"0":[10],"1":[1],"2":[1],"3":[1],"4":[1],"5":[1],"6":[1],"7":[3],"8":[4],"9":[9],"10":[1]},"fnMap":{"0":{"name":"List","decl":{"start":{"line":7,"column":13},"end":{"line":41,"column":1}},"loc":{"start":{"line":7,"column":13},"end":{"line":41,"column":1}},"line":7},"1":{"name":"addToList","decl":{"start":{"line":10,"column":20},"end":{"line":14,"column":3}},"loc":{"start":{"line":10,"column":20},"end":{"line":14,"column":3}},"line":10},"2":{"name":"removeItemFromList","decl":{"start":{"line":16,"column":29},"end":{"line":20,"column":3}},"loc":{"start":{"line":16,"column":29},"end":{"line":20,"column":3}},"line":16},"3":{"name":"onChange","decl":{"start":{"line":28,"column":18},"end":{"line":28,"column":51}},"loc":{"start":{"line":28,"column":18},"end":{"line":28,"column":51}},"line":28},"4":{"name":"onClick","decl":{"start":{"line":35,"column":29},"end":{"line":35,"column":59}},"loc":{"start":{"line":35,"column":29},"end":{"line":35,"column":59}},"line":35}},"f":{"0":10,"1":1,"2":1,"3":4,"4":1}}
}
